<?xml version="1.0" encoding="UTF-8"?>
<testsuite name="Lookup a definition" tests="2" skipped="0" failures="0" errors="0" timestamp="2018-04-23T16:42:02" hostname="Godsgrace-Princess" time="104.23">
  <properties/>
  <testcase name="Looking up the definition of 'apple'" classname="Lookup a definition" time="60.177"/>
  <testcase name="Looking up the definition of 'pear'" classname="Lookup a definition" time="44.046"/>
  <system-out><![CDATA[]]></system-out>
  <system-err><![CDATA[Started InternetExplorerDriver server (64-bit)
3.11.1.0
Listening on port 41210
Only local connections are allowed
Apr 23, 2018 10:12:06 PM org.openqa.selenium.remote.ProtocolHandshake createSession
INFO: Detected dialect: W3C
Apr 23, 2018 10:13:03 PM org.openqa.selenium.remote.ProtocolHandshake createSession
INFO: Detected dialect: W3C
]]></system-err>
</testsuite>
